2674 candidate words (frequency=common, topic=general); languages: th, en
skip (exists): chula-l4-003.mp3
skip (exists): chula-l4-003.en.mp3
skip (exists): chula-l4-006.mp3
skip (exists): chula-l4-006.en.mp3
skip (exists): chula-l4-008.mp3
skip (exists): chula-l4-008.en.mp3
skip (exists): chula-l4-013.mp3
skip (exists): chula-l4-013.en.mp3
skip (exists): chula-l4-031.mp3
skip (exists): chula-l4-031.en.mp3
wrote: chula-l4-033.mp3 (19872 bytes) ลักษณะ
wrote: chula-l4-033.en.mp3 (24192 bytes) characteristic
wrote: chula-l4-034.mp3 (21024 bytes) ทบทวน
wrote: chula-l4-034.en.mp3 (20736 bytes) to review
wrote: chula-l4-035.mp3 (22752 bytes) เครื่องหมาย
wrote: chula-l4-035.en.mp3 (25344 bytes) sign, symbol
wrote: chula-l4-036.mp3 (19296 bytes) ช่อง
wrote: chula-l4-036.en.mp3 (48384 bytes) channel; gap, hole; counter, window
wrote: chula-l4-038.mp3 (21024 bytes) หุ่นยนต์
wrote: chula-l4-038.en.mp3 (19296 bytes) robot
wrote: chula-l4-039.mp3 (20160 bytes) เคารพ
wrote: chula-l4-039.en.mp3 (21600 bytes) to respect
wrote: chula-l4-052.mp3 (19872 bytes) วัสดุ
wrote: chula-l4-052.en.mp3 (21600 bytes) material
wrote: chula-l4-062.mp3 (16128 bytes) ปัก
wrote: chula-l4-062.en.mp3 (28224 bytes) to pin, to stick
wrote: chula-l4-069.mp3 (19296 bytes) แม่น
wrote: chula-l4-069.en.mp3 (19872 bytes) accurate
wrote: chula-l4-076.mp3 (23616 bytes) เผชิญหน้า
wrote: chula-l4-076.en.mp3 (31104 bytes) to face, to confront
wrote: chula-l4-103.mp3 (25344 bytes) ที่อยู่อาศัย
wrote: chula-l4-103.en.mp3 (21024 bytes) residence
wrote: chula-l4-119.mp3 (25056 bytes) เพศตรงข้าม
wrote: chula-l4-119.en.mp3 (23616 bytes) opposite gender
wrote: chula-l4-125.mp3 (23040 bytes) งานประจำ
wrote: chula-l4-125.en.mp3 (32832 bytes) regular job, steady job
wrote: chula-l4-136.mp3 (21888 bytes) เน่าเสีย
wrote: chula-l4-136.en.mp3 (25344 bytes) rotten, spoiled
wrote: chula-l4-137.mp3 (21888 bytes) เร่งด่วน
wrote: chula-l4-137.en.mp3 (27936 bytes) urgent, priority
wrote: chula-l4-139.mp3 (22176 bytes) สาเหตุ
wrote: chula-l4-139.en.mp3 (24768 bytes) cause, motive
wrote: chula-l4-145.mp3 (21312 bytes) กริยา
wrote: chula-l4-145.en.mp3 (16128 bytes) verb
wrote: chula-l4-146.mp3 (21312 bytes) ข้อดี
wrote: chula-l4-146.en.mp3 (21888 bytes) advantage
wrote: chula-l4-147.mp3 (22176 bytes) ข้อเสีย
wrote: chula-l4-147.en.mp3 (23904 bytes) disadvantage
wrote: chula-l5-004.mp3 (25056 bytes) เวลาทำการ
wrote: chula-l5-004.en.mp3 (23904 bytes) business hours
wrote: chula-l5-007.mp3 (24192 bytes) น้ำประปา
wrote: chula-l5-007.en.mp3 (20736 bytes) tap water
wrote: chula-l5-008.mp3 (22464 bytes) ช่องทาง
wrote: chula-l5-008.en.mp3 (26784 bytes) channel, pathway
wrote: chula-l5-015.mp3 (24192 bytes) ความร่วมมือ
wrote: chula-l5-015.en.mp3 (22464 bytes) cooperation
wrote: chula-l5-016.mp3 (19584 bytes) ยาม
wrote: chula-l5-016.en.mp3 (37152 bytes) security guard; period of time
wrote: chula-l5-018.mp3 (22464 bytes) ส่วนกลาง
wrote: chula-l5-018.en.mp3 (33696 bytes) common area, central part
wrote: chula-l5-024.mp3 (32832 bytes) สื่อ, สื่อสาร
wrote: chula-l5-024.en.mp3 (34272 bytes) to convey, to communicate
wrote: chula-l5-025.mp3 (21888 bytes) เด็ดขาด
wrote: chula-l5-025.en.mp3 (32256 bytes) decisive, categorical
wrote: chula-l5-028.mp3 (16992 bytes) งด
wrote: chula-l5-028.en.mp3 (33408 bytes) to refrain, to abstain from
wrote: chula-l5-029.mp3 (22752 bytes) ซ่อมแซม
wrote: chula-l5-029.en.mp3 (31104 bytes) to repair, to fix
wrote: chula-l5-031.mp3 (20448 bytes) บรรทัด
wrote: chula-l5-031.en.mp3 (23328 bytes) line, row
wrote: chula-l5-032.mp3 (19296 bytes) สะกด
wrote: chula-l5-032.en.mp3 (19584 bytes) to spell
wrote: chula-l5-036.mp3 (22752 bytes) เจ้าหน้าที่
wrote: chula-l5-036.en.mp3 (19872 bytes) officer
wrote: chula-l5-037.mp3 (16992 bytes) ชก
wrote: chula-l5-037.en.mp3 (20736 bytes) to punch
wrote: chula-l5-042.mp3 (22752 bytes) คณิตศาสตร์
wrote: chula-l5-042.en.mp3 (23328 bytes) mathematics
wrote: chula-l5-043.mp3 (20736 bytes) ตะโกน
wrote: chula-l5-043.en.mp3 (19872 bytes) to shout
wrote: chula-l5-045.mp3 (17856 bytes) กำ
wrote: chula-l5-045.en.mp3 (50112 bytes) to clench one's fist, grip; a bunch, handful of
wrote: chula-l5-049.mp3 (16704 bytes) หลบ
wrote: chula-l5-049.en.mp3 (46080 bytes) to dodge, to evade, to hide, to avoid
wrote: chula-l5-066.mp3 (19872 bytes) คว้า
wrote: chula-l5-066.en.mp3 (19008 bytes) to grab
wrote: chula-l5-067.mp3 (16992 bytes) ดับ
wrote: chula-l5-067.en.mp3 (56160 bytes) to extinguish, to put out; to cease, to stop functioning
wrote: chula-l5-070.mp3 (19584 bytes) ปลาย
wrote: chula-l5-070.en.mp3 (31680 bytes) end, tip, extremity
wrote: chula-l5-071.mp3 (19872 bytes) แหลม
wrote: chula-l5-071.en.mp3 (35136 bytes) sharp, pointed; peninsula
wrote: chula-l5-072.mp3 (30240 bytes) เปื้อน, แปดเปื้อน
wrote: chula-l5-072.en.mp3 (26208 bytes) stained, soiled
wrote: chula-l5-074.mp3 (22176 bytes) เปิดเผย
wrote: chula-l5-074.en.mp3 (31968 bytes) to reveal, to disclose
wrote: chula-l5-075.mp3 (17568 bytes) เคาะ
wrote: chula-l5-075.en.mp3 (31104 bytes) to knock, to hit lightly
wrote: chula-l5-080.mp3 (18144 bytes) ระบุ
wrote: chula-l5-080.en.mp3 (35136 bytes) to specify, to identify
wrote: chula-l5-086.mp3 (19584 bytes) เลื่อน
wrote: chula-l5-086.en.mp3 (57600 bytes) to postpone, to delay, to shift, to move, to slide
wrote: chula-l5-087.mp3 (22464 bytes) สัมภาษณ์
wrote: chula-l5-087.en.mp3 (21312 bytes) to interview
wrote: chula-l5-096.mp3 (23040 bytes) สอบถาม
wrote: chula-l5-096.en.mp3 (31104 bytes) to inquire, to ask
wrote: chula-l5-098.mp3 (19872 bytes) ไฟดับ
wrote: chula-l5-098.en.mp3 (21600 bytes) power cut
wrote: chula-l5-099.mp3 (19872 bytes) พลาด
wrote: chula-l5-099.en.mp3 (32832 bytes) to miss, to make a mistake
wrote: chula-l5-112.mp3 (18432 bytes) ขั้น
wrote: chula-l5-112.en.mp3 (18432 bytes) step
wrote: chula-l5-117.mp3 (19584 bytes) ยอด
wrote: chula-l5-117.en.mp3 (78624 bytes) peak, summit, top; total; sprout, tip of plant stem; excellent, great
wrote: chula-l5-120.mp3 (45504 bytes) โด่งดัง, ชื่อดัง, มีชื่อเสียง
wrote: chula-l5-120.en.mp3 (19872 bytes) famous
wrote: chula-l5-121.mp3 (19008 bytes) เลิศ
wrote: chula-l5-121.en.mp3 (20160 bytes) excellent
wrote: chula-l5-130.mp3 (32832 bytes) รับรอง, รับประกัน
wrote: chula-l5-130.en.mp3 (32256 bytes) to assure, to guarantee
wrote: chula-l5-131.mp3 (23328 bytes) ยกตัวอย่าง
wrote: chula-l5-131.en.mp3 (25056 bytes) to give an example
wrote: chula-l5-132.mp3 (21312 bytes) โดดเด่น
wrote: chula-l5-132.en.mp3 (32256 bytes) to stand out, outstanding
wrote: chula-l5-138.mp3 (16704 bytes) พลิก
wrote: chula-l5-138.en.mp3 (30240 bytes) to flip, to turn over
wrote: chula-l5-140.mp3 (21888 bytes) กระจาย
wrote: chula-l5-140.en.mp3 (20448 bytes) to scatter
wrote: chula-l5-143.mp3 (20448 bytes) กำลัง
wrote: chula-l5-143.en.mp3 (34560 bytes) force, power, strength
wrote: chula-l5-149.mp3 (19584 bytes) บรรจุ
wrote: chula-l5-149.en.mp3 (38880 bytes) to load, to pack; to contain
wrote: chula-l5-154.mp3 (21600 bytes) มุ่งหน้า
wrote: chula-l5-154.en.mp3 (36288 bytes) to head toward, to make one's way to
wrote: chula-l5-158.mp3 (23904 bytes) ดำเนินการ
wrote: chula-l5-158.en.mp3 (44928 bytes) to proceed, to carry out, to take action
wrote: chula-l5-162.mp3 (18432 bytes) พัง
wrote: chula-l5-162.en.mp3 (27072 bytes) broken, damaged
wrote: chula-l5-171.mp3 (21312 bytes) ตาราง
wrote: chula-l5-171.en.mp3 (24768 bytes) chart, table
wrote: chula-l5-177.mp3 (21888 bytes) ใกล้เคียง
wrote: chula-l5-177.en.mp3 (19296 bytes) nearby
wrote: chula-l5-183.mp3 (23616 bytes) ยอดนิยม
wrote: chula-l5-183.en.mp3 (24192 bytes) highly popular
wrote: chula-l5-185.mp3 (21024 bytes) ชุมชน
wrote: chula-l5-185.en.mp3 (20736 bytes) community
wrote: chula-l5-188.mp3 (21312 bytes) สะท้อน
wrote: chula-l5-188.en.mp3 (21600 bytes) to reflect
wrote: chula-l5-193.mp3 (18720 bytes) ขาด
wrote: chula-l5-193.en.mp3 (44928 bytes) to lack, to be missing; torn, broken
wrote: chula-l5-203.mp3 (19584 bytes) ถ่าย
wrote: chula-l5-203.en.mp3 (42336 bytes) to take; to defecate; to transfer
wrote: chula-l5-212.mp3 (19296 bytes) มุ้ง
wrote: chula-l5-212.en.mp3 (23616 bytes) mosquito net
wrote: chula-l5-214.mp3 (19008 bytes) แหล่ง
wrote: chula-l5-214.en.mp3 (19296 bytes) source
wrote: chula-l5-216.mp3 (19872 bytes) กำจัด
wrote: chula-l5-216.en.mp3 (32544 bytes) to get rid of, to eliminate
wrote: chula-l5-223.mp3 (18720 bytes) อันดับ
wrote: chula-l5-223.en.mp3 (17856 bytes) rank
wrote: chula-l5-224.mp3 (21888 bytes) อัตรา
wrote: chula-l5-224.en.mp3 (17856 bytes) rate
wrote: chula-l5-225.mp3 (21600 bytes) พฤติกรรม
wrote: chula-l5-225.en.mp3 (19872 bytes) behavior
wrote: chula-l5-230.mp3 (18720 bytes) ประวัติ
wrote: chula-l5-230.en.mp3 (34560 bytes) history, background, record
wrote: chula-l5-236.mp3 (19008 bytes) สลับ
wrote: chula-l5-236.en.mp3 (28800 bytes) to swap, to switch
wrote: chula-l5-239.mp3 (22176 bytes) หัวข้อ
wrote: chula-l5-239.en.mp3 (19008 bytes) topic
wrote: chula-l5-240.mp3 (17856 bytes) ปน
wrote: chula-l5-240.en.mp3 (37152 bytes) to mix, to blend, to mingle
wrote: chula-l5-247.mp3 (22176 bytes) กรณี
wrote: chula-l5-247.en.mp3 (17856 bytes) case
wrote: chula-l5-256.mp3 (23040 bytes) ยากันยุง
wrote: chula-l5-256.en.mp3 (25920 bytes) mosquito repellent
wrote: chula-l5-257.mp3 (19296 bytes) ซ้ำ
wrote: chula-l5-257.en.mp3 (37728 bytes) to repeat, repeatedly, again
wrote: chula-l5-261.mp3 (21312 bytes) ผิดปกติ
wrote: chula-l5-261.en.mp3 (19872 bytes) abnormal
wrote: chula-l5-263.mp3 (22176 bytes) กฎระเบียบ
wrote: chula-l5-263.en.mp3 (30816 bytes) rules, regulations
wrote: chula-l5-266.mp3 (22176 bytes) สัญญาณ
wrote: chula-l5-266.en.mp3 (26784 bytes) signal, sign
wrote: chula-l5-267.mp3 (19584 bytes) เผลอ
wrote: chula-l5-267.en.mp3 (35424 bytes) accidentally, unintentionally
wrote: chula-l5-268.mp3 (22176 bytes) รู้ตัว
wrote: chula-l5-268.en.mp3 (35712 bytes) to be aware, to be conscious of
wrote: chula-l5-269.mp3 (21600 bytes) คู่แข่ง
wrote: chula-l5-269.en.mp3 (28512 bytes) rival, competitor
wrote: chula-l5-277.mp3 (21024 bytes) ระบาย
wrote: chula-l5-277.en.mp3 (57024 bytes) to drain, to empty; to express strong emotions, to vent
wrote: chula-l5-278.mp3 (19584 bytes) ลื่น
wrote: chula-l5-278.en.mp3 (27648 bytes) to slip, slippery
wrote: chula-l5-279.mp3 (24480 bytes) ระมัดระวัง
wrote: chula-l5-279.en.mp3 (19296 bytes) careful
wrote: chula-l5-286.mp3 (20160 bytes) อุปสรรค
wrote: chula-l5-286.en.mp3 (20160 bytes) obstacle
wrote: chula-l5-288.mp3 (21888 bytes) ยกเลิก
wrote: chula-l5-288.en.mp3 (21312 bytes) to cancel
wrote: chula-l5-301.mp3 (23616 bytes) กัมพูชา
wrote: chula-l5-301.en.mp3 (21024 bytes) Cambodia
wrote: chula-l5-302.mp3 (21888 bytes) อิทธิพล
wrote: chula-l5-302.en.mp3 (21600 bytes) influence
wrote: chula-l5-318.mp3 (19296 bytes) เรียน
wrote: chula-l5-318.en.mp3 (40320 bytes) to learn; to inform; "to", "dear"
wrote: chula-l5-327.mp3 (28800 bytes) แลก, แลกเปลี่ยน
wrote: chula-l5-327.en.mp3 (22752 bytes) to exchange
wrote: chula-l5-328.mp3 (19008 bytes) แต้ม
wrote: chula-l5-328.en.mp3 (31104 bytes) point, dot, mark
wrote: chula-l5-331.mp3 (22752 bytes) เงื่อนไข
wrote: chula-l5-331.en.mp3 (19872 bytes) condition
wrote: chula-l5-337.mp3 (21888 bytes) จับคู่
wrote: chula-l5-337.en.mp3 (30816 bytes) to pair up, to pair with
wrote: chula-l5-343.mp3 (19008 bytes) กรอบ
wrote: chula-l5-343.en.mp3 (35712 bytes) framework, frame; crispy
wrote: chula-l5-344.mp3 (18720 bytes) ทักษะ
wrote: chula-l5-344.en.mp3 (18432 bytes) skill
wrote: chula-l5-348.mp3 (21888 bytes) พลังงาน
wrote: chula-l5-348.en.mp3 (19584 bytes) energy
wrote: chula-l5-357.mp3 (23040 bytes) สำเร็จรูป
wrote: chula-l5-357.en.mp3 (28512 bytes) ready-made, instant
wrote: chula-l5-358.mp3 (21888 bytes) สำรอง
wrote: chula-l5-358.en.mp3 (36288 bytes) reserved, spare, secondary
wrote: chula-l5-367.mp3 (23328 bytes) ส่วนประกอบ
wrote: chula-l5-367.en.mp3 (29952 bytes) component, ingredient
wrote: chula-l5-372.mp3 (22752 bytes) ความสัมพันธ์
wrote: chula-l5-372.en.mp3 (23040 bytes) relationship
wrote: chula-l5-381.mp3 (23904 bytes) ความขัดแย้ง
wrote: chula-l5-381.en.mp3 (20736 bytes) conflict
wrote: chula-l5-389.mp3 (19296 bytes) สมัคร
wrote: chula-l5-389.en.mp3 (21024 bytes) to apply
wrote: chula-l5-391.mp3 (30240 bytes) สร้อย, สร้อยคอ
wrote: chula-l5-391.en.mp3 (20160 bytes) necklace
wrote: chula-l5-393.mp3 (16704 bytes) เหล็ก
wrote: chula-l5-393.en.mp3 (24480 bytes) steel, iron
wrote: chula-l5-394.mp3 (23040 bytes) ความมั่นคง
wrote: chula-l5-394.en.mp3 (21600 bytes) stability
wrote: chula-l5-408.mp3 (18720 bytes) ฉีก
wrote: chula-l5-408.en.mp3 (27360 bytes) to tear, to rip
wrote: chula-l5-417.mp3 (21600 bytes) ปริมาณ
wrote: chula-l5-417.en.mp3 (27936 bytes) quantity, volume
wrote: chula-l5-419.mp3 (19008 bytes) พุ่ง
wrote: chula-l5-419.en.mp3 (63648 bytes) to rush, to dash, to fling; to throw forcefully; to surge
wrote: chula-l5-420.mp3 (24480 bytes) รปภ
wrote: chula-l5-420.en.mp3 (23904 bytes) security guard
wrote: chula-l5-422.mp3 (19296 bytes) คาด
wrote: chula-l5-422.en.mp3 (45216 bytes) to assume, to speculate, to anticipate
wrote: chula-l5-423.mp3 (19584 bytes) เร่ง
wrote: chula-l5-423.en.mp3 (42624 bytes) to speed up, to hurry, to accelerate
wrote: chula-l5-426.mp3 (21888 bytes) เข้มข้น
wrote: chula-l5-426.en.mp3 (39168 bytes) intense, strong, concentrated
wrote: chula-l5-433.mp3 (22176 bytes) ลงตัว
wrote: chula-l5-433.en.mp3 (67968 bytes) perfectly balanced, just right; to fit together nicely, to be finalized
wrote: chula-l5-437.mp3 (20160 bytes) หงาย
wrote: chula-l5-437.en.mp3 (57888 bytes) to turn face-up, to lie on one's back, on its back, face-up
wrote: chula-l5-444.mp3 (22176 bytes) รับมือ
wrote: chula-l5-444.en.mp3 (38016 bytes) to cope, to handle, to deal with
wrote: chula-l5-447.mp3 (19872 bytes) ค่าย
wrote: chula-l5-447.en.mp3 (16992 bytes) camp
wrote: chula-l5-450.mp3 (23616 bytes) คนแปลกหน้า
wrote: chula-l5-450.en.mp3 (20448 bytes) stranger
wrote: chula-l5-453.mp3 (21024 bytes) กระทรวง
wrote: chula-l5-453.en.mp3 (20448 bytes) ministry
wrote: chula-l5-456.mp3 (19584 bytes) ไล่
wrote: chula-l5-456.en.mp3 (71712 bytes) to chase, pursue; to expel; to follow in sequence, go through one by one
wrote: chula-l5-458.mp3 (22176 bytes) ขัดข้อง
wrote: chula-l5-458.en.mp3 (34272 bytes) malfunctioning, to break down
wrote: chula-l6-001.mp3 (21600 bytes) เรียบเรียง
wrote: chula-l6-001.en.mp3 (38592 bytes) to arrange, compose, organize
wrote: chula-l6-005.mp3 (23904 bytes) ความนับถือ
wrote: chula-l6-005.en.mp3 (28512 bytes) respect, esteem
wrote: chula-l6-008.mp3 (27648 bytes) ครบ, ครบถ้วน
wrote: chula-l6-008.en.mp3 (27360 bytes) thorough, complete
wrote: chula-l6-013.mp3 (23040 bytes) อาสาสมัคร
wrote: chula-l6-013.en.mp3 (21600 bytes) volunteer
wrote: 